<?xml version="1.0" encoding="UTF-8"?>
<testsuite xmlns:xsi="http://www.w3.org/2001/XMLSchema-instance" xsi:noNamespaceSchemaLocation="https://maven.apache.org/surefire/maven-surefire-plugin/xsd/surefire-test-report.xsd" name="TestSuite" time="5.503" tests="6" errors="0" skipped="4" failures="2">
  <properties>
[...]
</properties>
  <testcase name="setup" classname="com.inetBanking.TestCases.TC_Login_001" time="3.651">
    <failure message="unknown error: cannot find Chrome binary&#10;Build info: version: &apos;3.141.59&apos;, revision: &apos;e82be7d358&apos;, time: &apos;2018-11-14T08:17:03&apos;&#10;System info: host: &apos;HIBACL127073&apos;, ip: &apos;172.30.54.241&apos;, os.name: &apos;Windows 10&apos;, os.arch: &apos;amd64&apos;, os.version: &apos;10.0&apos;, java.version: &apos;1.8.0_211&apos;&#10;Driver info: driver.version: ChromeDriver&#10;remote stacktrace: Backtrace:&#10;	Ordinal0 [0x00DBEB13+1501971]&#10;	Ordinal0 [0x00D3F6D1+980689]&#10;	Ordinal0 [0x00CC765F+489055]&#10;	Ordinal0 [0x00C5B7ED+47085]&#10;	Ordinal0 [0x00C79800+169984]&#10;	Ordinal0 [0x00C7942D+169005]&#10;	Ordinal0 [0x00C778EB+162027]&#10;	Ordinal0 [0x00C60AC7+68295]&#10;	Ordinal0 [0x00C61B40+72512]&#10;	Ordinal0 [0x00C61AD9+72409]&#10;	Ordinal0 [0x00D58F37+1085239]&#10;	GetHandleVerifier [0x00E5D7ED+503293]&#10;	GetHandleVerifier [0x00E5D580+502672]&#10;	GetHandleVerifier [0x00E646AC+531644]&#10;	GetHandleVerifier [0x00E5DFFA+505354]&#10;	Ordinal0 [0x00D50606+1050118]&#10;	Ordinal0 [0x00D5047F+1049727]&#10;	Ordinal0 [0x00D5AF9B+1093531]&#10;	Ordinal0 [0x00D5B103+1093891]&#10;	Ordinal0 [0x00D5A095+1089685]&#10;	BaseThreadInitThunk [0x76578494+36]&#10;	RtlAreBitsSet [0x777441C8+136]&#10;	RtlAreBitsSet [0x77744198+88]&#10;" type="org.openqa.selenium.WebDriverException">org.openqa.selenium.WebDriverException: 
unknown error: cannot find Chrome binary
Build info: version: '3.141.59', revision: 'e82be7d358', time: '2018-11-14T08:17:03'
System info: host: 'HIBACL127073', ip: '172.30.54.241', os.name: 'Windows 10', os.arch: 'amd64', os.version: '10.0', java.version: '1.8.0_211'
Driver info: driver.version: ChromeDriver
remote stacktrace: Backtrace:
	Ordinal0 [0x00DBEB13+1501971]
	Ordinal0 [0x00D3F6D1+980689]
	Ordinal0 [0x00CC765F+489055]
	Ordinal0 [0x00C5B7ED+47085]
	Ordinal0 [0x00C79800+169984]
	Ordinal0 [0x00C7942D+169005]
	Ordinal0 [0x00C778EB+162027]
	Ordinal0 [0x00C60AC7+68295]
	Ordinal0 [0x00C61B40+72512]
	Ordinal0 [0x00C61AD9+72409]
	Ordinal0 [0x00D58F37+1085239]
	GetHandleVerifier [0x00E5D7ED+503293]
	GetHandleVerifier [0x00E5D580+502672]
	GetHandleVerifier [0x00E646AC+531644]
	GetHandleVerifier [0x00E5DFFA+505354]
	Ordinal0 [0x00D50606+1050118]
	Ordinal0 [0x00D5047F+1049727]
	Ordinal0 [0x00D5AF9B+1093531]
	Ordinal0 [0x00D5B103+1093891]
	Ordinal0 [0x00D5A095+1089685]
	BaseThreadInitThunk [0x76578494+36]
	RtlAreBitsSet [0x777441C8+136]
	RtlAreBitsSet [0x77744198+88]

</failure>
    <system-err><![CDATA[Starting ChromeDriver 77.0.3865.40 (f484704e052e0b556f8030b65b953dce96503217-refs/branch-heads/3865@{#442}) on port 25146
Only local connections are allowed.
Please protect ports used by ChromeDriver and related test frameworks to prevent access by malicious code.
]]></system-err>
  </testcase>
  <testcase name="loginTest" classname="com.inetBanking.TestCases.TC_Login_001" time="0">
    <skipped message="unknown error: cannot find Chrome binary&#10;Build info: version: &apos;3.141.59&apos;, revision: &apos;e82be7d358&apos;, time: &apos;2018-11-14T08:17:03&apos;&#10;System info: host: &apos;HIBACL127073&apos;, ip: &apos;172.30.54.241&apos;, os.name: &apos;Windows 10&apos;, os.arch: &apos;amd64&apos;, os.version: &apos;10.0&apos;, java.version: &apos;1.8.0_211&apos;&#10;Driver info: driver.version: ChromeDriver&#10;remote stacktrace: Backtrace:&#10;	Ordinal0 [0x00DBEB13+1501971]&#10;	Ordinal0 [0x00D3F6D1+980689]&#10;	Ordinal0 [0x00CC765F+489055]&#10;	Ordinal0 [0x00C5B7ED+47085]&#10;	Ordinal0 [0x00C79800+169984]&#10;	Ordinal0 [0x00C7942D+169005]&#10;	Ordinal0 [0x00C778EB+162027]&#10;	Ordinal0 [0x00C60AC7+68295]&#10;	Ordinal0 [0x00C61B40+72512]&#10;	Ordinal0 [0x00C61AD9+72409]&#10;	Ordinal0 [0x00D58F37+1085239]&#10;	GetHandleVerifier [0x00E5D7ED+503293]&#10;	GetHandleVerifier [0x00E5D580+502672]&#10;	GetHandleVerifier [0x00E646AC+531644]&#10;	GetHandleVerifier [0x00E5DFFA+505354]&#10;	Ordinal0 [0x00D50606+1050118]&#10;	Ordinal0 [0x00D5047F+1049727]&#10;	Ordinal0 [0x00D5AF9B+1093531]&#10;	Ordinal0 [0x00D5B103+1093891]&#10;	Ordinal0 [0x00D5A095+1089685]&#10;	BaseThreadInitThunk [0x76578494+36]&#10;	RtlAreBitsSet [0x777441C8+136]&#10;	RtlAreBitsSet [0x77744198+88]&#10;"/>
  </testcase>
  <testcase name="tearDown" classname="com.inetBanking.TestCases.TC_Login_001" time="0">
    <skipped/>
  </testcase>
  <testcase name="setup" classname="com.inetBanking.TestCases.TC_AddCustomer_003" time="1.172">
    <failure message="unknown error: cannot find Chrome binary&#10;Build info: version: &apos;3.141.59&apos;, revision: &apos;e82be7d358&apos;, time: &apos;2018-11-14T08:17:03&apos;&#10;System info: host: &apos;HIBACL127073&apos;, ip: &apos;172.30.54.241&apos;, os.name: &apos;Windows 10&apos;, os.arch: &apos;amd64&apos;, os.version: &apos;10.0&apos;, java.version: &apos;1.8.0_211&apos;&#10;Driver info: driver.version: ChromeDriver&#10;remote stacktrace: Backtrace:&#10;	Ordinal0 [0x00DBEB13+1501971]&#10;	Ordinal0 [0x00D3F6D1+980689]&#10;	Ordinal0 [0x00CC765F+489055]&#10;	Ordinal0 [0x00C5B7ED+47085]&#10;	Ordinal0 [0x00C79800+169984]&#10;	Ordinal0 [0x00C7942D+169005]&#10;	Ordinal0 [0x00C778EB+162027]&#10;	Ordinal0 [0x00C60AC7+68295]&#10;	Ordinal0 [0x00C61B40+72512]&#10;	Ordinal0 [0x00C61AD9+72409]&#10;	Ordinal0 [0x00D58F37+1085239]&#10;	GetHandleVerifier [0x00E5D7ED+503293]&#10;	GetHandleVerifier [0x00E5D580+502672]&#10;	GetHandleVerifier [0x00E646AC+531644]&#10;	GetHandleVerifier [0x00E5DFFA+505354]&#10;	Ordinal0 [0x00D50606+1050118]&#10;	Ordinal0 [0x00D5047F+1049727]&#10;	Ordinal0 [0x00D5AF9B+1093531]&#10;	Ordinal0 [0x00D5B103+1093891]&#10;	Ordinal0 [0x00D5A095+1089685]&#10;	BaseThreadInitThunk [0x76578494+36]&#10;	RtlAreBitsSet [0x777441C8+136]&#10;	RtlAreBitsSet [0x77744198+88]&#10;" type="org.openqa.selenium.WebDriverException">org.openqa.selenium.WebDriverException: 
unknown error: cannot find Chrome binary
Build info: version: '3.141.59', revision: 'e82be7d358', time: '2018-11-14T08:17:03'
System info: host: 'HIBACL127073', ip: '172.30.54.241', os.name: 'Windows 10', os.arch: 'amd64', os.version: '10.0', java.version: '1.8.0_211'
Driver info: driver.version: ChromeDriver
remote stacktrace: Backtrace:
	Ordinal0 [0x00DBEB13+1501971]
	Ordinal0 [0x00D3F6D1+980689]
	Ordinal0 [0x00CC765F+489055]
	Ordinal0 [0x00C5B7ED+47085]
	Ordinal0 [0x00C79800+169984]
	Ordinal0 [0x00C7942D+169005]
	Ordinal0 [0x00C778EB+162027]
	Ordinal0 [0x00C60AC7+68295]
	Ordinal0 [0x00C61B40+72512]
	Ordinal0 [0x00C61AD9+72409]
	Ordinal0 [0x00D58F37+1085239]
	GetHandleVerifier [0x00E5D7ED+503293]
	GetHandleVerifier [0x00E5D580+502672]
	GetHandleVerifier [0x00E646AC+531644]
	GetHandleVerifier [0x00E5DFFA+505354]
	Ordinal0 [0x00D50606+1050118]
	Ordinal0 [0x00D5047F+1049727]
	Ordinal0 [0x00D5AF9B+1093531]
	Ordinal0 [0x00D5B103+1093891]
	Ordinal0 [0x00D5A095+1089685]
	BaseThreadInitThunk [0x76578494+36]
	RtlAreBitsSet [0x777441C8+136]
	RtlAreBitsSet [0x77744198+88]

</failure>
    <system-err><![CDATA[Starting ChromeDriver 77.0.3865.40 (f484704e052e0b556f8030b65b953dce96503217-refs/branch-heads/3865@{#442}) on port 23533
Only local connections are allowed.
Please protect ports used by ChromeDriver and related test frameworks to prevent access by malicious code.
]]></system-err>
  </testcase>
  <testcase name="addNewCustomer" classname="com.inetBanking.TestCases.TC_AddCustomer_003" time="0">
    <skipped message="unknown error: cannot find Chrome binary&#10;Build info: version: &apos;3.141.59&apos;, revision: &apos;e82be7d358&apos;, time: &apos;2018-11-14T08:17:03&apos;&#10;System info: host: &apos;HIBACL127073&apos;, ip: &apos;172.30.54.241&apos;, os.name: &apos;Windows 10&apos;, os.arch: &apos;amd64&apos;, os.version: &apos;10.0&apos;, java.version: &apos;1.8.0_211&apos;&#10;Driver info: driver.version: ChromeDriver&#10;remote stacktrace: Backtrace:&#10;	Ordinal0 [0x00DBEB13+1501971]&#10;	Ordinal0 [0x00D3F6D1+980689]&#10;	Ordinal0 [0x00CC765F+489055]&#10;	Ordinal0 [0x00C5B7ED+47085]&#10;	Ordinal0 [0x00C79800+169984]&#10;	Ordinal0 [0x00C7942D+169005]&#10;	Ordinal0 [0x00C778EB+162027]&#10;	Ordinal0 [0x00C60AC7+68295]&#10;	Ordinal0 [0x00C61B40+72512]&#10;	Ordinal0 [0x00C61AD9+72409]&#10;	Ordinal0 [0x00D58F37+1085239]&#10;	GetHandleVerifier [0x00E5D7ED+503293]&#10;	GetHandleVerifier [0x00E5D580+502672]&#10;	GetHandleVerifier [0x00E646AC+531644]&#10;	GetHandleVerifier [0x00E5DFFA+505354]&#10;	Ordinal0 [0x00D50606+1050118]&#10;	Ordinal0 [0x00D5047F+1049727]&#10;	Ordinal0 [0x00D5AF9B+1093531]&#10;	Ordinal0 [0x00D5B103+1093891]&#10;	Ordinal0 [0x00D5A095+1089685]&#10;	BaseThreadInitThunk [0x76578494+36]&#10;	RtlAreBitsSet [0x777441C8+136]&#10;	RtlAreBitsSet [0x77744198+88]&#10;"/>
  </testcase>
  <testcase name="tearDown" classname="com.inetBanking.TestCases.TC_AddCustomer_003" time="0">
    <skipped/>
  </testcase>
</testsuite>